DEBUG main com.heisentest.splatter.Splatter - Starting up Splatter!
DEBUG main com.heisentest.splatter.Splatter - Starting up Splatter!
DEBUG main com.heisentest.splatter.SplatterApkProcessor - Transforming AndroidManifest.xml
DEBUG main com.heisentest.splatter.SplatterApkProcessor - Transforming classes.dex
DEBUG main com.heisentest.splatter.Splatter - Starting up Splatter!
DEBUG main com.heisentest.splatter.SplatterApkProcessor - Transforming classes.dex
DEBUG main com.heisentest.splatter.Splatter - Starting up Splatter!
DEBUG main com.heisentest.splatter.SplatterApkProcessor - Transforming classes.dex
DEBUG main com.heisentest.splatter.Splatter - Starting up Splatter!
DEBUG main com.heisentest.splatter.SplatterApkProcessor - Transforming classes.dex
DEBUG main com.heisentest.splatter.Splatter - Starting up Splatter!
DEBUG main com.heisentest.splatter.SplatterApkProcessor - Transforming classes.dex
DEBUG main com.heisentest.splatter.Splatter - Starting up Splatter!
DEBUG main com.heisentest.splatter.SplatterApkProcessor - Transforming classes.dex
DEBUG main com.heisentest.splatter.Splatter - Starting up Splatter!
DEBUG main com.heisentest.splatter.SplatterApkProcessor - Transforming classes.dex
INFO main com.heisentest.splatter.SplatterApkProcessor - Resigning apk (at /home/morrison/code/ucl/heisentest/skeleton-android-app/skeleton-android-app/build/apk/skeleton-android-app-debug-unaligned.splatter.apk)
DEBUG main com.heisentest.splatter.Splatter - Starting up Splatter!
DEBUG main com.heisentest.splatter.SplatterApkProcessor - Transforming classes.dex
INFO main com.heisentest.splatter.SplatterApkProcessor - Resigning apk (at /home/morrison/code/ucl/heisentest/skeleton-android-app/skeleton-android-app/build/apk/skeleton-android-app-debug-unaligned.splatter.apk)
DEBUG main com.heisentest.splatter.Splatter - Starting up Splatter!
DEBUG main com.heisentest.splatter.SplatterApkProcessor - Transforming classes.dex
INFO main com.heisentest.splatter.SplatterApkProcessor - Resigning apk (at /home/morrison/code/ucl/heisentest/skeleton-android-app/skeleton-android-app/build/apk/skeleton-android-app-debug-unaligned.splatter.apk)
DEBUG main com.heisentest.splatter.Splatter - Starting up Splatter!
DEBUG main com.heisentest.splatter.SplatterApkProcessor - Transforming classes.dex
INFO main com.heisentest.splatter.SplatterApkProcessor - Resigning apk (at /home/morrison/code/ucl/heisentest/skeleton-android-app/skeleton-android-app/build/apk/skeleton-android-app-debug-unaligned.splatter.apk)
DEBUG main com.heisentest.splatter.Splatter - Starting up Splatter!
DEBUG main com.heisentest.splatter.SplatterApkProcessor - Transforming classes.dex
INFO main com.heisentest.splatter.SplatterApkProcessor - Resigning apk (at /home/morrison/code/ucl/heisentest/skeleton-android-app/skeleton-android-app/build/apk/skeleton-android-app-debug-unaligned.splatter.apk)
DEBUG main com.heisentest.splatter.Splatter - Starting up Splatter!
DEBUG main com.heisentest.splatter.SplatterApkProcessor - Transforming classes.dex
DEBUG main com.heisentest.splatter.Splatter - Starting up Splatter!
DEBUG main com.heisentest.splatter.SplatterApkProcessor - Transforming classes.dex
DEBUG main com.heisentest.splatter.Splatter - Starting up Splatter!
DEBUG main com.heisentest.splatter.SplatterApkProcessor - Transforming classes.dex
DEBUG main com.heisentest.splatter.Splatter - Starting up Splatter!
DEBUG main com.heisentest.splatter.SplatterApkProcessor - Transforming classes.dex
DEBUG main com.heisentest.splatter.Splatter - Starting up Splatter!
DEBUG main com.heisentest.splatter.SplatterApkProcessor - Transforming classes.dex
DEBUG main com.heisentest.splatter.Splatter - Starting up Splatter!
DEBUG main com.heisentest.splatter.SplatterApkProcessor - Transforming classes.dex
DEBUG main com.heisentest.splatter.Splatter - Starting up Splatter!
DEBUG main com.heisentest.splatter.SplatterApkProcessor - Transforming classes.dex
INFO main com.heisentest.splatter.SplatterApkProcessor - Resigning apk (at /home/morrison/code/ucl/heisentest/skeleton-android-app/skeleton-android-app/build/apk/skeleton-android-app-debug-unaligned.splatter.apk)
DEBUG main com.heisentest.splatter.Splatter - Starting up Splatter!
DEBUG main com.heisentest.splatter.SplatterApkProcessor - Transforming classes.dex
INFO main com.heisentest.splatter.SplatterApkProcessor - Resigning apk (at /home/morrison/code/ucl/heisentest/skeleton-android-app/skeleton-android-app/build/apk/skeleton-android-app-debug-unaligned.splatter.apk)
DEBUG main com.heisentest.splatter.Splatter - Starting up Splatter!
DEBUG main com.heisentest.splatter.SplatterApkProcessor - Transforming classes.dex
INFO main com.heisentest.splatter.SplatterApkProcessor - Resigning apk (at /home/morrison/code/ucl/heisentest/skeleton-android-app/skeleton-android-app/build/apk/skeleton-android-app-debug-unaligned.splatter.apk)
DEBUG main com.heisentest.splatter.Splatter - Starting up Splatter!
DEBUG main com.heisentest.splatter.SplatterApkProcessor - Transforming classes.dex
INFO main com.heisentest.splatter.SplatterApkProcessor - Resigning apk (at /home/morrison/code/ucl/heisentest/skeleton-android-app/skeleton-android-app/build/apk/skeleton-android-app-debug-unaligned.splatter.apk)
DEBUG main com.heisentest.splatter.Splatter - Starting up Splatter!
DEBUG main com.heisentest.splatter.SplatterApkProcessor - Transforming classes.dex
INFO main com.heisentest.splatter.SplatterApkProcessor - Resigning apk (at /home/morrison/code/ucl/heisentest/skeleton-android-app/skeleton-android-app/build/apk/skeleton-android-app-debug-unaligned.splatter.apk)
DEBUG main com.heisentest.splatter.Splatter - Starting up Splatter!
DEBUG main com.heisentest.splatter.SplatterApkProcessor - Transforming classes.dex
INFO main com.heisentest.splatter.SplatterApkProcessor - Resigning apk (at /home/morrison/code/ucl/heisentest/skeleton-android-app/skeleton-android-app/build/apk/skeleton-android-app-debug-unaligned.splatter.apk)
DEBUG main com.heisentest.splatter.Splatter - Starting up Splatter!
DEBUG main com.heisentest.splatter.SplatterApkProcessor - Transforming classes.dex
DEBUG main com.heisentest.splatter.Splatter - Starting up Splatter!
DEBUG main com.heisentest.splatter.SplatterApkProcessor - Transforming classes.dex
INFO main com.heisentest.splatter.SplatterApkProcessor - Resigning apk (at /home/morrison/code/ucl/heisentest/skeleton-android-app/skeleton-android-app/build/apk/skeleton-android-app-debug-unaligned.splatter.apk)
DEBUG main com.heisentest.splatter.Splatter - Starting up Splatter!
DEBUG main com.heisentest.splatter.SplatterApkProcessor - Transforming classes.dex
DEBUG main com.heisentest.splatter.Splatter - Starting up Splatter!
DEBUG main com.heisentest.splatter.SplatterApkProcessor - Transforming classes.dex
INFO main com.heisentest.splatter.SplatterApkProcessor - Resigning apk (at /home/morrison/code/ucl/heisentest/skeleton-android-app/skeleton-android-app/build/apk/skeleton-android-app-debug-unaligned.splatter.apk)
DEBUG main com.heisentest.splatter.Splatter - Starting up Splatter!
DEBUG main com.heisentest.splatter.SplatterApkProcessor - Transforming classes.dex
INFO main com.heisentest.splatter.SplatterApkProcessor - Resigning apk (at /home/morrison/code/ucl/heisentest/skeleton-android-app/skeleton-android-app/build/apk/skeleton-android-app-debug-unaligned.splatter.apk)
DEBUG main com.heisentest.splatter.Splatter - Starting up Splatter!
DEBUG main com.heisentest.splatter.SplatterApkProcessor - Transforming classes.dex
DEBUG main com.heisentest.splatter.Splatter - Starting up Splatter!
DEBUG main com.heisentest.splatter.SplatterApkProcessor - Transforming classes.dex
DEBUG main com.heisentest.splatter.Splatter - Starting up Splatter!
DEBUG main com.heisentest.splatter.SplatterApkProcessor - Transforming classes.dex
INFO main com.heisentest.splatter.SplatterApkProcessor - Resigning apk (at /home/morrison/code/ucl/heisentest/skeleton-android-app/skeleton-android-app/build/apk/skeleton-android-app-debug-unaligned.splatter.apk)
DEBUG main com.heisentest.splatter.Splatter - Starting up Splatter!
DEBUG main com.heisentest.splatter.SplatterApkProcessor - Transforming classes.dex
DEBUG main com.heisentest.splatter.Splatter - Starting up Splatter!
DEBUG main com.heisentest.splatter.SplatterApkProcessor - Transforming classes.dex
DEBUG main com.heisentest.splatter.Splatter - Starting up Splatter!
DEBUG main com.heisentest.splatter.SplatterApkProcessor - Transforming classes.dex
INFO main com.heisentest.splatter.SplatterApkProcessor - Resigning apk (at /home/morrison/code/ucl/heisentest/skeleton-android-app/skeleton-android-app/build/apk/skeleton-android-app-debug-unaligned.splatter.apk)
DEBUG main com.heisentest.splatter.Splatter - Starting up Splatter!
DEBUG main com.heisentest.splatter.SplatterApkProcessor - Transforming classes.dex
INFO main com.heisentest.splatter.SplatterApkProcessor - Resigning apk (at /home/morrison/code/ucl/heisentest/skeleton-android-app/skeleton-android-app/build/apk/skeleton-android-app-debug-unaligned.splatter.apk)
DEBUG main com.heisentest.splatter.Splatter - Starting up Splatter!
DEBUG main com.heisentest.splatter.SplatterApkProcessor - Transforming classes.dex
INFO main com.heisentest.splatter.SplatterApkProcessor - Resigning apk (at /home/morrison/code/ucl/heisentest/skeleton-android-app/skeleton-android-app/build/apk/skeleton-android-app-debug-unaligned.splatter.apk)
DEBUG main com.heisentest.splatter.Splatter - Starting up Splatter!
DEBUG main com.heisentest.splatter.SplatterApkProcessor - Transforming classes.dex
INFO main com.heisentest.splatter.SplatterApkProcessor - Resigning apk (at /home/morrison/code/ucl/heisentest/skeleton-android-app/skeleton-android-app/build/apk/skeleton-android-app-debug-unaligned.splatter.apk)
DEBUG main com.heisentest.splatter.Splatter - Starting up Splatter!
DEBUG main com.heisentest.splatter.SplatterApkProcessor - Transforming classes.dex
INFO main com.heisentest.splatter.SplatterApkProcessor - Resigning apk (at /home/morrison/code/ucl/heisentest/skeleton-android-app/skeleton-android-app/build/apk/skeleton-android-app-debug-unaligned.splatter.apk)
DEBUG main com.heisentest.splatter.Splatter - Starting up Splatter!
DEBUG main com.heisentest.splatter.SplatterApkProcessor - Transforming classes.dex
INFO main com.heisentest.splatter.SplatterDexTransformer - Dex transform disabled, using original bytecode!
INFO main com.heisentest.splatter.SplatterApkProcessor - Resigning apk (at /home/morrison/code/ucl/heisentest/skeleton-android-app/skeleton-android-app/build/apk/skeleton-android-app-debug-unaligned.splatter.apk)
