DEBUG main com.heisentest.splatter.transform.dex.visitor.SplatterLoggingClassVisitor - SKIPPING method (name: 'showButton') (desc: 'V') (class: 'Lcom/shazam/android/widget/facebook/FacebookButton;') (access (opcode): '2')
DEBUG main com.heisentest.splatter.transform.dex.visitor.SplatterLoggingClassVisitor - SKIPPING method (name: 'showProgress') (desc: 'V') (class: 'Lcom/shazam/android/widget/facebook/FacebookButton;') (access (opcode): '2')
DEBUG main com.heisentest.splatter.transform.dex.visitor.SplatterLoggingClassVisitor - SKIPPING method (name: 'performDefaultClickAction') (desc: 'V') (class: 'Lcom/shazam/android/widget/facebook/FacebookButton;') (access (opcode): '1')
DEBUG main com.heisentest.splatter.transform.dex.visitor.SplatterLoggingClassVisitor - SKIPPING method (name: 'valueOf') (desc: 'Lcom/shazam/android/widget/google/plus/GooglePlusButton$GooglePlusButtonState;Ljava/lang/String;') (class: 'Lcom/shazam/android/widget/google/plus/GooglePlusButton$GooglePlusButtonState;') (access (opcode): '9')
DEBUG main com.heisentest.splatter.transform.dex.visitor.SplatterLoggingClassVisitor - SKIPPING method (name: 'values') (desc: '[Lcom/shazam/android/widget/google/plus/GooglePlusButton$GooglePlusButtonState;') (class: 'Lcom/shazam/android/widget/google/plus/GooglePlusButton$GooglePlusButtonState;') (access (opcode): '9')
DEBUG main com.heisentest.splatter.transform.dex.visitor.SplatterLoggingClassVisitor - SKIPPING method (name: 'findViews') (desc: 'V') (class: 'Lcom/shazam/android/widget/google/plus/GooglePlusButton;') (access (opcode): '2')
DEBUG main com.heisentest.splatter.transform.dex.visitor.SplatterLoggingClassVisitor - SKIPPING method (name: 'hideAvatar') (desc: 'V') (class: 'Lcom/shazam/android/widget/google/plus/GooglePlusButton;') (access (opcode): '2')
DEBUG main com.heisentest.splatter.transform.dex.visitor.SplatterLoggingClassVisitor - SKIPPING method (name: 'showAvatar') (desc: 'VLjava/lang/String;') (class: 'Lcom/shazam/android/widget/google/plus/GooglePlusButton;') (access (opcode): '2')
DEBUG main com.heisentest.splatter.transform.dex.visitor.SplatterLoggingClassVisitor - SKIPPING method (name: 'showButton') (desc: 'V') (class: 'Lcom/shazam/android/widget/google/plus/GooglePlusButton;') (access (opcode): '2')
DEBUG main com.heisentest.splatter.transform.dex.visitor.SplatterLoggingClassVisitor - SKIPPING method (name: 'showProgress') (desc: 'V') (class: 'Lcom/shazam/android/widget/google/plus/GooglePlusButton;') (access (opcode): '2')
DEBUG main com.heisentest.splatter.transform.dex.visitor.SplatterLoggingClassVisitor - SKIPPING method (name: 'moveToCheckingState') (desc: 'VLcom/shazam/android/google/plus/PlusClientWrapper;') (class: 'Lcom/shazam/android/widget/google/plus/GooglePlusButton;') (access (opcode): '1')
DEBUG main com.heisentest.splatter.transform.dex.visitor.SplatterLoggingClassVisitor - SKIPPING method (name: 'moveToSignedInState') (desc: 'VLcom/google/android/gms/plus/model/people/Person;') (class: 'Lcom/shazam/android/widget/google/plus/GooglePlusButton;') (access (opcode): '1')
DEBUG main com.heisentest.splatter.transform.dex.visitor.SplatterLoggingClassVisitor - SKIPPING method (name: 'moveToSignedOutState') (desc: 'V') (class: 'Lcom/shazam/android/widget/google/plus/GooglePlusButton;') (access (opcode): '1')
DEBUG main com.heisentest.splatter.transform.dex.visitor.SplatterLoggingClassVisitor - SKIPPING method (name: 'postConstruct') (desc: 'V') (class: 'Lcom/shazam/android/widget/google/plus/GooglePlusButton;') (access (opcode): '1')
DEBUG main com.heisentest.splatter.transform.dex.visitor.SplatterLoggingClassVisitor - SKIPPING method (name: 'postConstruct') (desc: 'VLcom/shazam/android/analytics/event/EventAnalytics;') (class: 'Lcom/shazam/android/widget/google/plus/GooglePlusButton;') (access (opcode): '1')
DEBUG main com.heisentest.splatter.transform.dex.visitor.SplatterLoggingClassVisitor - SKIPPING method (name: 'requestLayout') (desc: 'V') (class: 'Lcom/shazam/android/widget/image/FastUrlCachingImageView;') (access (opcode): '1')
DEBUG main com.heisentest.splatter.transform.dex.visitor.SplatterLoggingClassVisitor - SKIPPING method (name: 'valueOf') (desc: 'Lcom/shazam/android/widget/image/ImageAnimation;Ljava/lang/String;') (class: 'Lcom/shazam/android/widget/image/ImageAnimation;') (access (opcode): '9')
DEBUG main com.heisentest.splatter.transform.dex.visitor.SplatterLoggingClassVisitor - SKIPPING method (name: 'values') (desc: '[Lcom/shazam/android/widget/image/ImageAnimation;') (class: 'Lcom/shazam/android/widget/image/ImageAnimation;') (access (opcode): '9')
DEBUG main com.heisentest.splatter.transform.dex.visitor.SplatterLoggingClassVisitor - SKIPPING method (name: 'callbackFrom') (desc: 'Lcom/squareup/picasso/Callback;Lcom/shazam/android/widget/image/loading/ImageLoadingListener;Landroid/widget/ImageView;') (class: 'Lcom/shazam/android/widget/image/PicassoImageViewUrlSetter;') (access (opcode): '1')
DEBUG main com.heisentest.splatter.transform.dex.visitor.SplatterLoggingClassVisitor - SKIPPING method (name: 'hasAtLeastOneFixedSizeSide') (desc: 'Z') (class: 'Lcom/shazam/android/widget/image/RatioMaintainingImageView;') (access (opcode): '2')
DEBUG main com.heisentest.splatter.transform.dex.visitor.SplatterLoggingClassVisitor - SKIPPING method (name: 'hasAtLeastOneVariableSizeSide') (desc: 'Z') (class: 'Lcom/shazam/android/widget/image/RatioMaintainingImageView;') (access (opcode): '2')
DEBUG main com.heisentest.splatter.transform.dex.visitor.SplatterLoggingClassVisitor - SKIPPING method (name: 'hasOnlyOneSideFixed') (desc: 'Z') (class: 'Lcom/shazam/android/widget/image/RatioMaintainingImageView;') (access (opcode): '2')
DEBUG main com.heisentest.splatter.transform.dex.visitor.SplatterLoggingClassVisitor - SKIPPING method (name: 'isHeightVariable') (desc: 'Z') (class: 'Lcom/shazam/android/widget/image/RatioMaintainingImageView;') (access (opcode): '2')
DEBUG main com.heisentest.splatter.transform.dex.visitor.SplatterLoggingClassVisitor - SKIPPING method (name: 'isWidthVariable') (desc: 'Z') (class: 'Lcom/shazam/android/widget/image/RatioMaintainingImageView;') (access (opcode): '2')
DEBUG main com.heisentest.splatter.transform.dex.visitor.SplatterLoggingClassVisitor - SKIPPING method (name: 'paramsHeight') (desc: 'I') (class: 'Lcom/shazam/android/widget/image/RatioMaintainingImageView;') (access (opcode): '2')
DEBUG main com.heisentest.splatter.transform.dex.visitor.SplatterLoggingClassVisitor - SKIPPING method (name: 'paramsWidth') (desc: 'I') (class: 'Lcom/shazam/android/widget/image/RatioMaintainingImageView;') (access (opcode): '2')
DEBUG main com.heisentest.splatter.transform.dex.visitor.SplatterLoggingClassVisitor - SKIPPING method (name: 'applyNameOverlay') (desc: 'VLandroid/graphics/Bitmap;Ljava/lang/String;') (class: 'Lcom/shazam/android/widget/image/explore/SubtitleAddingTopTrackImageLoader;') (access (opcode): '2')
DEBUG main com.heisentest.splatter.transform.dex.visitor.SplatterLoggingClassVisitor - SKIPPING method (name: 'loadBitmapFor') (desc: 'Landroid/graphics/Bitmap;Lcom/shazam/bean/client/explore/TopTrackMarker;') (class: 'Lcom/shazam/android/widget/image/explore/SubtitleAddingTopTrackImageLoader;') (access (opcode): '1')
DEBUG main com.heisentest.splatter.transform.dex.visitor.SplatterLoggingClassVisitor - SKIPPING method (name: 'findNameFor') (desc: 'Ljava/lang/String;Lcom/shazam/bean/client/explore/TopTrackMarker;') (class: 'Lcom/shazam/android/widget/image/explore/TopTrackLocationNameFinder;') (access (opcode): '1')
DEBUG main com.heisentest.splatter.transform.dex.visitor.SplatterLoggingClassVisitor - SKIPPING method (name: 'loadBitmapFor') (desc: 'Landroid/graphics/Bitmap;Lcom/shazam/bean/client/explore/TopTrackMarker;') (class: 'Lcom/shazam/android/widget/image/explore/TopTrackWebImageLoader;') (access (opcode): '1')
DEBUG main com.heisentest.splatter.transform.dex.visitor.SplatterLoggingClassVisitor - SKIPPING method (name: 'retrieve') (desc: 'Landroid/graphics/Bitmap;Ljava/lang/String;Lcom/squareup/picasso/Transformation;') (class: 'Lcom/shazam/android/widget/image/loading/BitmapRetriever$1;') (access (opcode): '1')
DEBUG main com.heisentest.splatter.transform.dex.visitor.SplatterLoggingClassVisitor - SKIPPING method (name: 'retrieve') (desc: 'Landroid/graphics/Bitmap;Ljava/lang/String;Ljava/lang/Object;') (class: 'Lcom/shazam/android/widget/image/loading/BitmapRetriever$1;') (access (opcode): '4161')
DEBUG main com.heisentest.splatter.transform.dex.visitor.SplatterLoggingClassVisitor - SKIPPING method (name: 'combine') (desc: 'Lcom/shazam/android/widget/image/loading/ImageLoadingListener;[Lcom/shazam/android/widget/image/loading/ImageLoadingListener;') (class: 'Lcom/shazam/android/widget/image/loading/CombiningImageLoadingListener;') (access (opcode): '137')
DEBUG main com.heisentest.splatter.transform.dex.visitor.SplatterLoggingClassVisitor - SKIPPING method (name: 'retrieve') (desc: 'Landroid/graphics/Bitmap;Ljava/lang/String;Lcom/squareup/picasso/Transformation;') (class: 'Lcom/shazam/android/widget/image/loading/PicassoBitmapRetriever;') (access (opcode): '1')
DEBUG main com.heisentest.splatter.transform.dex.visitor.SplatterLoggingClassVisitor - SKIPPING method (name: 'retrieve') (desc: 'Landroid/graphics/Bitmap;Ljava/lang/String;Ljava/lang/Object;') (class: 'Lcom/shazam/android/widget/image/loading/PicassoBitmapRetriever;') (access (opcode): '4161')
DEBUG main com.heisentest.splatter.transform.dex.visitor.SplatterLoggingClassVisitor - SKIPPING method (name: 'loadImageView') (desc: 'VLandroid/widget/ImageView;Ljava/lang/String;I') (class: 'Lcom/shazam/android/widget/image/loading/PicassoImageViewLoader;') (access (opcode): '1')
DEBUG main com.heisentest.splatter.transform.dex.visitor.SplatterLoggingClassVisitor - SKIPPING method (name: 'key') (desc: 'Ljava/lang/String;') (class: 'Lcom/shazam/android/widget/image/transformation/picasso/ExploreFrameTransformation;') (access (opcode): '1')
DEBUG main com.heisentest.splatter.transform.dex.visitor.SplatterLoggingClassVisitor - SKIPPING method (name: 'recycleMaybe') (desc: 'VLandroid/graphics/Bitmap;Landroid/graphics/Bitmap;') (class: 'Lcom/shazam/android/widget/image/transformation/picasso/ExploreFrameTransformation;') (access (opcode): '1')
DEBUG main com.heisentest.splatter.transform.dex.visitor.SplatterLoggingClassVisitor - SKIPPING method (name: 'transform') (desc: 'Landroid/graphics/Bitmap;Landroid/graphics/Bitmap;') (class: 'Lcom/shazam/android/widget/image/transformation/picasso/ExploreFrameTransformation;') (access (opcode): '1')
DEBUG main com.heisentest.splatter.transform.dex.visitor.SplatterLoggingClassVisitor - SKIPPING method (name: 'key') (desc: 'Ljava/lang/String;') (class: 'Lcom/shazam/android/widget/image/transformation/picasso/NoOpTransformation;') (access (opcode): '1')
DEBUG main com.heisentest.splatter.transform.dex.visitor.SplatterLoggingClassVisitor - SKIPPING method (name: 'transform') (desc: 'Landroid/graphics/Bitmap;Landroid/graphics/Bitmap;') (class: 'Lcom/shazam/android/widget/image/transformation/picasso/NoOpTransformation;') (access (opcode): '1')
DEBUG main com.heisentest.splatter.transform.dex.visitor.SplatterLoggingClassVisitor - SKIPPING method (name: 'key') (desc: 'Ljava/lang/String;') (class: 'Lcom/shazam/android/widget/image/transformation/picasso/RoundTransformation;') (access (opcode): '1')
DEBUG main com.heisentest.splatter.transform.dex.visitor.SplatterLoggingClassVisitor - SKIPPING method (name: 'transform') (desc: 'Landroid/graphics/Bitmap;Landroid/graphics/Bitmap;') (class: 'Lcom/shazam/android/widget/image/transformation/picasso/RoundTransformation;') (access (opcode): '1')
DEBUG main com.heisentest.splatter.transform.dex.visitor.SplatterLoggingClassVisitor - SKIPPING method (name: 'key') (desc: 'Ljava/lang/String;') (class: 'Lcom/shazam/android/widget/image/transformation/picasso/ScaleByMultiplierTransformation;') (access (opcode): '1')
DEBUG main com.heisentest.splatter.transform.dex.visitor.SplatterLoggingClassVisitor - SKIPPING method (name: 'transform') (desc: 'Landroid/graphics/Bitmap;Landroid/graphics/Bitmap;') (class: 'Lcom/shazam/android/widget/image/transformation/picasso/ScaleByMultiplierTransformation;') (access (opcode): '1')
DEBUG main com.heisentest.splatter.transform.dex.visitor.SplatterLoggingClassVisitor - SKIPPING method (name: 'animateModuleOnTouch') (desc: 'ZLandroid/view/MotionEvent;') (class: 'Lcom/shazam/android/widget/modules/ModuleView;') (access (opcode): '4')
DEBUG main com.heisentest.splatter.transform.dex.visitor.SplatterLoggingClassVisitor - SKIPPING method (name: 'bindTo') (desc: 'VLcom/shazam/model/musicdetails/Module;') (class: 'Lcom/shazam/android/widget/modules/ModuleView;') (access (opcode): '0')
DEBUG main com.heisentest.splatter.transform.dex.visitor.SplatterLoggingClassVisitor - SKIPPING method (name: 'pixels') (desc: 'ILandroid/content/Context;I') (class: 'Lcom/shazam/android/widget/modules/ModuleView;') (access (opcode): '4')
DEBUG main com.heisentest.splatter.transform.dex.visitor.SplatterLoggingClassVisitor - SKIPPING method (name: 'init') (desc: 'VLandroid/content/Context;') (class: 'Lcom/shazam/android/widget/modules/ModuleConcertView;') (access (opcode): '2')
DEBUG main com.heisentest.splatter.transform.dex.visitor.SplatterLoggingClassVisitor - SKIPPING method (name: 'valueOf') (desc: 'Lcom/shazam/android/widget/modules/ModuleDimension;Ljava/lang/String;') (class: 'Lcom/shazam/android/widget/modules/ModuleDimension;') (access (opcode): '9')
DEBUG main com.heisentest.splatter.transform.dex.visitor.SplatterLoggingClassVisitor - SKIPPING method (name: 'values') (desc: '[Lcom/shazam/android/widget/modules/ModuleDimension;') (class: 'Lcom/shazam/android/widget/modules/ModuleDimension;') (access (opcode): '9')
DEBUG main com.heisentest.splatter.transform.dex.visitor.SplatterLoggingClassVisitor - SKIPPING method (name: 'init') (desc: 'VLandroid/content/Context;') (class: 'Lcom/shazam/android/widget/modules/ModuleDiscographyView;') (access (opcode): '2')
DEBUG main com.heisentest.splatter.transform.dex.visitor.SplatterLoggingClassVisitor - SKIPPING method (name: 'init') (desc: 'VLandroid/content/Context;') (class: 'Lcom/shazam/android/widget/modules/ModuleLyricsView;') (access (opcode): '2')
DEBUG main com.heisentest.splatter.transform.dex.visitor.SplatterLoggingClassVisitor - SKIPPING method (name: 'bindTo') (desc: 'VLcom/shazam/model/musicdetails/Module;') (class: 'Lcom/shazam/android/widget/modules/ModuleLyricsView;') (access (opcode): '4160')
DEBUG main com.heisentest.splatter.transform.dex.visitor.SplatterLoggingClassVisitor - SKIPPING method (name: 'bindTo') (desc: 'VLcom/shazam/model/musicdetails/ModuleLyrics;') (class: 'Lcom/shazam/android/widget/modules/ModuleLyricsView;') (access (opcode): '0')
DEBUG main com.heisentest.splatter.transform.dex.visitor.SplatterLoggingClassVisitor - SKIPPING method (name: 'init') (desc: 'VLandroid/content/Context;') (class: 'Lcom/shazam/android/widget/modules/ModuleRdioSizeableView;') (access (opcode): '4')
DEBUG main com.heisentest.splatter.transform.dex.visitor.SplatterLoggingClassVisitor - SKIPPING method (name: 'init') (desc: 'VLandroid/content/Context;') (class: 'Lcom/shazam/android/widget/modules/ModuleRecommendationEntryView;') (access (opcode): '2')
DEBUG main com.heisentest.splatter.transform.dex.visitor.SplatterLoggingClassVisitor - SKIPPING method (name: 'bindTo') (desc: 'VLcom/shazam/model/musicdetails/ModuleRecommendationEntry;') (class: 'Lcom/shazam/android/widget/modules/ModuleRecommendationEntryView;') (access (opcode): '1')
DEBUG main com.heisentest.splatter.transform.dex.visitor.SplatterLoggingClassVisitor - SKIPPING method (name: 'init') (desc: 'VLandroid/content/Context;Landroid/content/res/Resources;') (class: 'Lcom/shazam/android/widget/modules/ModuleRecommendationsView;') (access (opcode): '2')
DEBUG main com.heisentest.splatter.transform.dex.visitor.SplatterLoggingClassVisitor - SKIPPING method (name: 'shouldDisplayRecommendationsModule') (desc: 'ZLjava/util/List;') (class: 'Lcom/shazam/android/widget/modules/ModuleRecommendationsView;') (access (opcode): '2')
DEBUG main com.heisentest.splatter.transform.dex.visitor.SplatterLoggingClassVisitor - SKIPPING method (name: 'updateRecommendationsCounter') (desc: 'VLjava/util/List;') (class: 'Lcom/shazam/android/widget/modules/ModuleRecommendationsView;') (access (opcode): '2')
DEBUG main com.heisentest.splatter.transform.dex.visitor.SplatterLoggingClassVisitor - SKIPPING method (name: 'animateModuleOnTouch') (desc: 'ZLandroid/view/MotionEvent;') (class: 'Lcom/shazam/android/widget/modules/ModuleRecommendationsView;') (access (opcode): '4')
DEBUG main com.heisentest.splatter.transform.dex.visitor.SplatterLoggingClassVisitor - SKIPPING method (name: 'bindTo') (desc: 'VLcom/shazam/model/musicdetails/Module;') (class: 'Lcom/shazam/android/widget/modules/ModuleRecommendationsView;') (access (opcode): '4160')
DEBUG main com.heisentest.splatter.transform.dex.visitor.SplatterLoggingClassVisitor - SKIPPING method (name: 'bindTo') (desc: 'VLcom/shazam/model/musicdetails/ModuleRecommendations;') (class: 'Lcom/shazam/android/widget/modules/ModuleRecommendationsView;') (access (opcode): '0')
DEBUG main com.heisentest.splatter.transform.dex.visitor.SplatterLoggingClassVisitor - SKIPPING method (name: 'bindTo') (desc: 'VLcom/shazam/model/musicdetails/ModuleRecommendationsExtraData;') (class: 'Lcom/shazam/android/widget/modules/ModuleRecommendationsView;') (access (opcode): '1')
DEBUG main com.heisentest.splatter.transform.dex.visitor.SplatterLoggingClassVisitor - SKIPPING method (name: 'bindTo') (desc: 'VLjava/lang/Object;') (class: 'Lcom/shazam/android/widget/modules/ModuleRecommendationsView;') (access (opcode): '4161')
DEBUG main com.heisentest.splatter.transform.dex.visitor.SplatterLoggingClassVisitor - SKIPPING method (name: 'init') (desc: 'VLandroid/content/Context;') (class: 'Lcom/shazam/android/widget/modules/ModuleSpotifySizeableView;') (access (opcode): '4')
DEBUG main com.heisentest.splatter.transform.dex.visitor.SplatterLoggingClassVisitor - SKIPPING method (name: 'alpha') (desc: 'Lcom/nineoldandroids/view/ViewPropertyAnimator;Landroid/view/View;I') (class: 'Lcom/shazam/android/widget/modules/ModuleVideoView;') (access (opcode): '2')
DEBUG main com.heisentest.splatter.transform.dex.visitor.SplatterLoggingClassVisitor - SKIPPING method (name: 'fadeIn') (desc: 'V[Landroid/view/View;') (class: 'Lcom/shazam/android/widget/modules/ModuleVideoView;') (access (opcode): '130')
DEBUG main com.heisentest.splatter.transform.dex.visitor.SplatterLoggingClassVisitor - SKIPPING method (name: 'fadeOutFallbackIcon') (desc: 'V') (class: 'Lcom/shazam/android/widget/modules/ModuleVideoView;') (access (opcode): '2')
DEBUG main com.heisentest.splatter.transform.dex.visitor.SplatterLoggingClassVisitor - SKIPPING method (name: 'init') (desc: 'VLandroid/content/Context;') (class: 'Lcom/shazam/android/widget/modules/ModuleVideoView;') (access (opcode): '2')
DEBUG main com.heisentest.splatter.transform.dex.visitor.SplatterLoggingClassVisitor - SKIPPING method (name: 'bindTo') (desc: 'VLcom/shazam/model/musicdetails/ModuleVideoExtraData;') (class: 'Lcom/shazam/android/widget/modules/ModuleVideoView;') (access (opcode): '1')
DEBUG main com.heisentest.splatter.transform.dex.visitor.SplatterLoggingClassVisitor - SKIPPING method (name: 'bindTo') (desc: 'VLjava/lang/Object;') (class: 'Lcom/shazam/android/widget/modules/ModuleVideoView;') (access (opcode): '4161')
DEBUG main com.heisentest.splatter.transform.dex.visitor.SplatterLoggingClassVisitor - SKIPPING method (name: 'logEvent') (desc: 'V') (class: 'Lcom/shazam/android/widget/modules/ModulesContainerView$ModuleClickedListener;') (access (opcode): '2')
DEBUG main com.heisentest.splatter.transform.dex.visitor.SplatterLoggingClassVisitor - SKIPPING method (name: 'bindExtraData') (desc: 'VLjava/lang/Object;Lcom/shazam/model/musicdetails/ModuleType;') (class: 'Lcom/shazam/android/widget/modules/ModulesContainerView;') (access (opcode): '2')
DEBUG main com.heisentest.splatter.transform.dex.visitor.SplatterLoggingClassVisitor - SKIPPING method (name: 'init') (desc: 'VLcom/shazam/android/analytics/event/EventAnalytics;') (class: 'Lcom/shazam/android/widget/modules/ModulesContainerView;') (access (opcode): '2')
DEBUG main com.heisentest.splatter.transform.dex.visitor.SplatterLoggingClassVisitor - SKIPPING method (name: 'bindTo') (desc: 'VLcom/shazam/model/musicdetails/ModuleRecommendationsExtraData;') (class: 'Lcom/shazam/android/widget/modules/ModulesContainerView;') (access (opcode): '1')
DEBUG main com.heisentest.splatter.transform.dex.visitor.SplatterLoggingClassVisitor - SKIPPING method (name: 'bindTo') (desc: 'VLcom/shazam/model/musicdetails/ModuleVideoExtraData;') (class: 'Lcom/shazam/android/widget/modules/ModulesContainerView;') (access (opcode): '1')
DEBUG main com.heisentest.splatter.transform.dex.visitor.SplatterLoggingClassVisitor - SKIPPING method (name: 'bindTo') (desc: 'VLcom/shazam/model/musicdetails/MusicTrackModulesInfo;') (class: 'Lcom/shazam/android/widget/modules/ModulesContainerView;') (access (opcode): '1')
DEBUG main com.heisentest.splatter.transform.dex.visitor.SplatterLoggingClassVisitor - SKIPPING method (name: 'initializeGradient') (desc: 'V') (class: 'Lcom/shazam/android/widget/musicdetails/MusicDetailsCoverArtGradientView;') (access (opcode): '2')
DEBUG main com.heisentest.splatter.transform.dex.visitor.SplatterLoggingClassVisitor - SKIPPING method (name: 'init') (desc: 'V') (class: 'Lcom/shazam/android/widget/musicdetails/MusicDetailsCoverArtSizeCapturingView;') (access (opcode): '2')
DEBUG main com.heisentest.splatter.transform.dex.visitor.SplatterLoggingClassVisitor - SKIPPING method (name: 'coverArtViewSizeCalculated') (desc: 'VII') (class: 'Lcom/shazam/android/widget/musicdetails/MusicDetailsCoverArtSizeCapturingView;') (access (opcode): '1')
DEBUG main com.heisentest.splatter.transform.dex.visitor.SplatterLoggingClassVisitor - SKIPPING method (name: 'init') (desc: 'V') (class: 'Lcom/shazam/android/widget/musicdetails/MusicDetailsCoverArtSnapshotView;') (access (opcode): '2')
DEBUG main com.heisentest.splatter.transform.dex.visitor.SplatterLoggingClassVisitor - SKIPPING method (name: 'init') (desc: 'V') (class: 'Lcom/shazam/android/widget/musicdetails/MusicDetailsCoverArtView;') (access (opcode): '2')
DEBUG main com.heisentest.splatter.transform.dex.visitor.SplatterLoggingClassVisitor - SKIPPING method (name: 'bind') (desc: 'VLjava/lang/String;Landroid/view/View;Landroid/widget/TextView;') (class: 'Lcom/shazam/android/widget/musicdetails/MusicDetailsMetadataView;') (access (opcode): '2')
DEBUG main com.heisentest.splatter.transform.dex.visitor.SplatterLoggingClassVisitor - SKIPPING method (name: 'init') (desc: 'VLandroid/content/Context;') (class: 'Lcom/shazam/android/widget/musicdetails/MusicDetailsMetadataView;') (access (opcode): '2')
DEBUG main com.heisentest.splatter.transform.dex.visitor.SplatterLoggingClassVisitor - SKIPPING method (name: 'bindTo') (desc: 'VLcom/shazam/model/musicdetails/MusicTrackMetadataInfo;') (class: 'Lcom/shazam/android/widget/musicdetails/MusicDetailsMetadataView;') (access (opcode): '1')
DEBUG main com.heisentest.splatter.transform.dex.visitor.SplatterLoggingClassVisitor - SKIPPING method (name: 'valueOf') (desc: 'Lcom/shazam/android/widget/musicdetails/MusicDetailsStoresView$Size;Ljava/lang/String;') (class: 'Lcom/shazam/android/widget/musicdetails/MusicDetailsStoresView$Size;') (access (opcode): '9')
DEBUG main com.heisentest.splatter.transform.dex.visitor.SplatterLoggingClassVisitor - SKIPPING method (name: 'values') (desc: '[Lcom/shazam/android/widget/musicdetails/MusicDetailsStoresView$Size;') (class: 'Lcom/shazam/android/widget/musicdetails/MusicDetailsStoresView$Size;') (access (opcode): '9')
DEBUG main com.heisentest.splatter.transform.dex.visitor.SplatterLoggingClassVisitor - SKIPPING method (name: 'clearPreIntentActionsFor') (desc: 'V[Lcom/shazam/android/widget/IntentImageView;') (class: 'Lcom/shazam/android/widget/musicdetails/MusicDetailsStoresView;') (access (opcode): '130')
DEBUG main com.heisentest.splatter.transform.dex.visitor.SplatterLoggingClassVisitor - SKIPPING method (name: 'defaultPostConstruct') (desc: 'VLandroid/content/Context;') (class: 'Lcom/shazam/android/widget/musicdetails/MusicDetailsStoresView;') (access (opcode): '2')
DEBUG main com.heisentest.splatter.transform.dex.visitor.SplatterLoggingClassVisitor - SKIPPING method (name: 'dismissPopup') (desc: 'V') (class: 'Lcom/shazam/android/widget/musicdetails/MusicDetailsStoresView;') (access (opcode): '2')
DEBUG main com.heisentest.splatter.transform.dex.visitor.SplatterLoggingClassVisitor - SKIPPING method (name: 'init') (desc: 'VLandroid/content/Context;') (class: 'Lcom/shazam/android/widget/musicdetails/MusicDetailsStoresView;') (access (opcode): '2')
DEBUG main com.heisentest.splatter.transform.dex.visitor.SplatterLoggingClassVisitor - SKIPPING method (name: 'loadImageUrl') (desc: 'VLcom/shazam/android/widget/IntentImageView;Ljava/lang/String;Lcom/shazam/android/widget/image/loading/ImageLoadingListener;') (class: 'Lcom/shazam/android/widget/musicdetails/MusicDetailsStoresView;') (access (opcode): '2')
DEBUG main com.heisentest.splatter.transform.dex.visitor.SplatterLoggingClassVisitor - SKIPPING method (name: 'loadedImageWithWidth') (desc: 'VI') (class: 'Lcom/shazam/android/widget/musicdetails/MusicDetailsStoresView;') (access (opcode): '2')
DEBUG main com.heisentest.splatter.transform.dex.visitor.SplatterLoggingClassVisitor - SKIPPING method (name: 'prepareDropDownBeacon') (desc: 'VLcom/shazam/bean/client/buy/Store;') (class: 'Lcom/shazam/android/widget/musicdetails/MusicDetailsStoresView;') (access (opcode): '2')
DEBUG main com.heisentest.splatter.transform.dex.visitor.SplatterLoggingClassVisitor - SKIPPING method (name: 'prepareThePopupToBeDismissedWhenUserClicksOutside') (desc: 'V') (class: 'Lcom/shazam/android/widget/musicdetails/MusicDetailsStoresView;') (access (opcode): '2')
DEBUG main com.heisentest.splatter.transform.dex.visitor.SplatterLoggingClassVisitor - SKIPPING method (name: 'relocateCloseSelector') (desc: 'VLandroid/view/View;') (class: 'Lcom/shazam/android/widget/musicdetails/MusicDetailsStoresView;') (access (opcode): '2')
DEBUG main com.heisentest.splatter.transform.dex.visitor.SplatterLoggingClassVisitor - SKIPPING method (name: 'resetStatus') (desc: 'V') (class: 'Lcom/shazam/android/widget/musicdetails/MusicDetailsStoresView;') (access (opcode): '2')
DEBUG main com.heisentest.splatter.transform.dex.visitor.SplatterLoggingClassVisitor - SKIPPING method (name: 'resizePopup') (desc: 'VI[Lcom/shazam/android/widget/IntentImageView;') (class: 'Lcom/shazam/android/widget/musicdetails/MusicDetailsStoresView;') (access (opcode): '130')
DEBUG main com.heisentest.splatter.transform.dex.visitor.SplatterLoggingClassVisitor - SKIPPING method (name: 'shouldShowGenericButton') (desc: 'Z') (class: 'Lcom/shazam/android/widget/musicdetails/MusicDetailsStoresView;') (access (opcode): '2')
DEBUG main com.heisentest.splatter.transform.dex.visitor.SplatterLoggingClassVisitor - SKIPPING method (name: 'bindTo') (desc: 'VLcom/shazam/bean/client/store/StoresData;') (class: 'Lcom/shazam/android/widget/musicdetails/MusicDetailsStoresView;') (access (opcode): '1')
DEBUG main com.heisentest.splatter.transform.dex.visitor.SplatterLoggingClassVisitor - SKIPPING method (name: 'revertToPrimaryUrlOnFailure') (desc: 'Lcom/shazam/android/widget/image/loading/ImageLoadingListener;Lcom/shazam/bean/client/buy/Store;Lcom/shazam/android/widget/IntentImageView;') (class: 'Lcom/shazam/android/widget/musicdetails/MusicDetailsStoresView;') (access (opcode): '1')
DEBUG main com.heisentest.splatter.transform.dex.visitor.SplatterLoggingClassVisitor - SKIPPING method (name: 'fade') (desc: 'Lcom/shazam/android/widget/musicdetails/OverScrollViewAlphaFader;[Landroid/view/View;') (class: 'Lcom/shazam/android/widget/musicdetails/OverScrollViewAlphaFader;') (access (opcode): '137')
DEBUG main com.heisentest.splatter.transform.dex.visitor.SplatterLoggingClassVisitor - SKIPPING method (name: 'updateAlpha') (desc: 'VF') (class: 'Lcom/shazam/android/widget/musicdetails/OverScrollViewAlphaFader;') (access (opcode): '2')
DEBUG main com.heisentest.splatter.transform.dex.visitor.SplatterLoggingClassVisitor - SKIPPING method (name: 'defaultPostConstruct') (desc: 'VLandroid/content/Context;') (class: 'Lcom/shazam/android/widget/news/AnnouncementNewsCardView;') (access (opcode): '2')
DEBUG main com.heisentest.splatter.transform.dex.visitor.SplatterLoggingClassVisitor - SKIPPING method (name: 'postConstruct') (desc: 'VLandroid/content/Context;') (class: 'Lcom/shazam/android/widget/news/AnnouncementNewsCardView;') (access (opcode): '2')
DEBUG main com.heisentest.splatter.transform.dex.visitor.SplatterLoggingClassVisitor - SKIPPING method (name: 'bindTo') (desc: 'VLcom/shazam/bean/client/news/AnnouncementNewsCard;') (class: 'Lcom/shazam/android/widget/news/AnnouncementNewsCardView;') (access (opcode): '1')
DEBUG main com.heisentest.splatter.transform.dex.visitor.SplatterLoggingClassVisitor - SKIPPING method (name: 'bindTo') (desc: 'VLcom/shazam/bean/client/news/NewsCard;') (class: 'Lcom/shazam/android/widget/news/AnnouncementNewsCardView;') (access (opcode): '4161')
DEBUG main com.heisentest.splatter.transform.dex.visitor.SplatterLoggingClassVisitor - SKIPPING method (name: 'init') (desc: 'VLandroid/content/Context;') (class: 'Lcom/shazam/android/widget/news/AnnouncementNewsCardView;') (access (opcode): '4')
DEBUG main com.heisentest.splatter.transform.dex.visitor.SplatterLoggingClassVisitor - SKIPPING method (name: 'init') (desc: 'VLandroid/content/Context;') (class: 'Lcom/shazam/android/widget/news/NativeNewsCardView;') (access (opcode): '2')
DEBUG main com.heisentest.splatter.transform.dex.visitor.SplatterLoggingClassVisitor - SKIPPING method (name: 'bindTo') (desc: 'VLcom/shazam/bean/client/news/NewsCard;') (class: 'Lcom/shazam/android/widget/news/NativeNewsCardView;') (access (opcode): '1')
DEBUG main com.heisentest.splatter.transform.dex.visitor.SplatterLoggingClassVisitor - SKIPPING method (name: 'defaultPostConstruct') (desc: 'VLandroid/content/Context;') (class: 'Lcom/shazam/android/widget/news/TagNewsCardView;') (access (opcode): '2')
DEBUG main com.heisentest.splatter.transform.dex.visitor.SplatterLoggingClassVisitor - SKIPPING method (name: 'findViews') (desc: 'V') (class: 'Lcom/shazam/android/widget/news/TagNewsCardView;') (access (opcode): '2')
DEBUG main com.heisentest.splatter.transform.dex.visitor.SplatterLoggingClassVisitor - SKIPPING method (name: 'init') (desc: 'VLandroid/content/Context;') (class: 'Lcom/shazam/android/widget/news/TagNewsCardView;') (access (opcode): '2')
DEBUG main com.heisentest.splatter.transform.dex.visitor.SplatterLoggingClassVisitor - SKIPPING method (name: 'readableTime') (desc: 'Ljava/lang/CharSequence;Lcom/shazam/bean/client/news/TagNewsCard;') (class: 'Lcom/shazam/android/widget/news/TagNewsCardView;') (access (opcode): '2')
DEBUG main com.heisentest.splatter.transform.dex.visitor.SplatterLoggingClassVisitor - SKIPPING method (name: 'readableTimeWithEvent') (desc: 'Ljava/lang/CharSequence;Lcom/shazam/bean/client/news/TagNewsCard;') (class: 'Lcom/shazam/android/widget/news/TagNewsCardView;') (access (opcode): '2')
DEBUG main com.heisentest.splatter.transform.dex.visitor.SplatterLoggingClassVisitor - SKIPPING method (name: 'bindTo') (desc: 'VLcom/shazam/bean/client/news/NewsCard;') (class: 'Lcom/shazam/android/widget/news/TagNewsCardView;') (access (opcode): '4161')
DEBUG main com.heisentest.splatter.transform.dex.visitor.SplatterLoggingClassVisitor - SKIPPING method (name: 'bindTo') (desc: 'VLcom/shazam/bean/client/news/TagNewsCard;') (class: 'Lcom/shazam/android/widget/news/TagNewsCardView;') (access (opcode): '1')
DEBUG main com.heisentest.splatter.transform.dex.visitor.SplatterLoggingClassVisitor - SKIPPING method (name: 'valueOf') (desc: 'Lcom/shazam/android/widget/page/LockableViewPager$LockState;Ljava/lang/String;') (class: 'Lcom/shazam/android/widget/page/LockableViewPager$LockState;') (access (opcode): '9')
DEBUG main com.heisentest.splatter.transform.dex.visitor.SplatterLoggingClassVisitor - SKIPPING method (name: 'values') (desc: '[Lcom/shazam/android/widget/page/LockableViewPager$LockState;') (class: 'Lcom/shazam/android/widget/page/LockableViewPager$LockState;') (access (opcode): '9')
DEBUG main com.heisentest.splatter.transform.dex.visitor.SplatterLoggingClassVisitor - SKIPPING method (name: 'notifyFragmentsForIndexChanged') (desc: 'VI') (class: 'Lcom/shazam/android/widget/page/NotifyingViewPager;') (access (opcode): '2')
DEBUG main com.heisentest.splatter.transform.dex.visitor.SplatterLoggingClassVisitor - SKIPPING method (name: 'moveToTabDismissingPanels') (desc: 'VI') (class: 'Lcom/shazam/android/widget/page/LockableViewPager;') (access (opcode): '2')
DEBUG main com.heisentest.splatter.transform.dex.visitor.SplatterLoggingClassVisitor - SKIPPING method (name: 'transformPage') (desc: 'VLandroid/view/View;F') (class: 'Lcom/shazam/android/widget/page/NoOpPageTransformer;') (access (opcode): '1')
DEBUG main com.heisentest.splatter.transform.dex.visitor.SplatterLoggingClassVisitor - SKIPPING method (name: 'applyAlpha') (desc: 'VF') (class: 'Lcom/shazam/android/widget/page/TextVisibleOnFirstPage;') (access (opcode): '2')
DEBUG main com.heisentest.splatter.transform.dex.visitor.SplatterLoggingClassVisitor - SKIPPING method (name: 'isDisplayed') (desc: 'Z') (class: 'Lcom/shazam/android/widget/share/AddOnsShareActions;') (access (opcode): '1')
DEBUG main com.heisentest.splatter.transform.dex.visitor.SplatterLoggingClassVisitor - SKIPPING method (name: 'init') (desc: 'VLandroid/content/Context;') (class: 'Lcom/shazam/android/widget/share/ShareInfoView;') (access (opcode): '2')
DEBUG main com.heisentest.splatter.transform.dex.visitor.SplatterLoggingClassVisitor - SKIPPING method (name: 'bindTo') (desc: 'VLcom/shazam/model/share/AndroidShareInfo;') (class: 'Lcom/shazam/android/widget/share/AndroidShareInfoView;') (access (opcode): '1')
DEBUG main com.heisentest.splatter.transform.dex.visitor.SplatterLoggingClassVisitor - SKIPPING method (name: 'bindTo') (desc: 'VLcom/shazam/model/share/ShareInfo;') (class: 'Lcom/shazam/android/widget/share/AndroidShareInfoView;') (access (opcode): '4161')
DEBUG main com.heisentest.splatter.transform.dex.visitor.SplatterLoggingClassVisitor - SKIPPING method (name: 'init') (desc: 'V') (class: 'Lcom/shazam/android/widget/share/ShareButtonView;') (access (opcode): '2')
DEBUG main com.heisentest.splatter.transform.dex.visitor.SplatterLoggingClassVisitor - SKIPPING method (name: 'bindTo') (desc: 'VLcom/shazam/model/share/ShareButtonData;') (class: 'Lcom/shazam/android/widget/share/ShareButtonView;') (access (opcode): '1')
DEBUG main com.heisentest.splatter.transform.dex.visitor.SplatterLoggingClassVisitor - SKIPPING method (name: 'overScrollBy') (desc: 'ZIIIIIIIIZ') (class: 'Lcom/shazam/android/widget/share/ShareGridView;') (access (opcode): '4')
DEBUG main com.heisentest.splatter.transform.dex.visitor.SplatterLoggingClassVisitor - SKIPPING method (name: 'addShazamShareItems') (desc: 'VLcom/shazam/model/share/ShareButtonData;Ljava/util/ArrayList;') (class: 'Lcom/shazam/android/widget/share/ShareSheetView;') (access (opcode): '2')
DEBUG main com.heisentest.splatter.transform.dex.visitor.SplatterLoggingClassVisitor - SKIPPING method (name: 'init') (desc: 'VLandroid/content/Context;') (class: 'Lcom/shazam/android/widget/share/ShareSheetView;') (access (opcode): '2')
DEBUG main com.heisentest.splatter.transform.dex.visitor.SplatterLoggingClassVisitor - SKIPPING method (name: 'populate') (desc: 'VLjava/util/List;') (class: 'Lcom/shazam/android/widget/share/ShareSheetView;') (access (opcode): '2')
DEBUG main com.heisentest.splatter.transform.dex.visitor.SplatterLoggingClassVisitor - SKIPPING method (name: 'prependIfNotNull') (desc: 'VLjava/util/ArrayList;Lcom/shazam/model/share/ShazamShareInfo;') (class: 'Lcom/shazam/android/widget/share/ShareSheetView;') (access (opcode): '2')
DEBUG main com.heisentest.splatter.transform.dex.visitor.SplatterLoggingClassVisitor - SKIPPING method (name: 'resolveShareInfos') (desc: 'Ljava/util/ArrayList;Landroid/content/Intent;') (class: 'Lcom/shazam/android/widget/share/ShareSheetView;') (access (opcode): '2')
DEBUG main com.heisentest.splatter.transform.dex.visitor.SplatterLoggingClassVisitor - SKIPPING method (name: 'bindTo') (desc: 'VLcom/shazam/model/share/ShareButtonData;') (class: 'Lcom/shazam/android/widget/share/ShareSheetView;') (access (opcode): '1')
DEBUG main com.heisentest.splatter.transform.dex.visitor.SplatterLoggingClassVisitor - SKIPPING method (name: 'bindTo') (desc: 'VLcom/shazam/model/share/ShareInfo;') (class: 'Lcom/shazam/android/widget/share/ShazamShareInfoView;') (access (opcode): '4161')
DEBUG main com.heisentest.splatter.transform.dex.visitor.SplatterLoggingClassVisitor - SKIPPING method (name: 'bindTo') (desc: 'VLcom/shazam/model/share/ShazamShareInfo;') (class: 'Lcom/shazam/android/widget/share/ShazamShareInfoView;') (access (opcode): '1')
DEBUG main com.heisentest.splatter.transform.dex.visitor.SplatterLoggingClassVisitor - SKIPPING method (name: 'isIntentOfCustomShareEntry') (desc: 'ZLandroid/content/Intent;') (class: 'Lcom/shazam/android/widget/share/entries/CustomShareEntriesIdentifier;') (access (opcode): '1')
DEBUG main com.heisentest.splatter.transform.dex.visitor.SplatterLoggingClassVisitor - SKIPPING method (name: 'showShareError') (desc: 'ZLandroid/app/Activity;Landroid/content/Intent;') (class: 'Lcom/shazam/android/widget/share/listeners/NoNetworkShareErrorDisplayer;') (access (opcode): '1')
DEBUG main com.heisentest.splatter.transform.dex.visitor.SplatterLoggingClassVisitor - SKIPPING method (name: 'retrieveAnalyticsIdentifierFromIntent') (desc: 'Ljava/lang/String;Landroid/content/Intent;') (class: 'Lcom/shazam/android/widget/share/listeners/ShareItemEventAnalyticsLogger;') (access (opcode): '2')
DEBUG main com.heisentest.splatter.transform.dex.visitor.SplatterLoggingClassVisitor - SKIPPING method (name: 'logShareTargetSelected') (desc: 'VLandroid/content/Intent;Lcom/shazam/bean/client/tagdetails/AddOnAnalyticsInfo$Builder;') (class: 'Lcom/shazam/android/widget/share/listeners/ShareItemEventAnalyticsLogger;') (access (opcode): '1')
DEBUG main com.heisentest.splatter.transform.dex.visitor.SplatterLoggingClassVisitor - SKIPPING method (name: 'valueOf') (desc: 'Lcom/shazam/android/widget/store/StoreLoadingIconStatus;Ljava/lang/String;') (class: 'Lcom/shazam/android/widget/store/StoreLoadingIconStatus;') (access (opcode): '9')
DEBUG main com.heisentest.splatter.transform.dex.visitor.SplatterLoggingClassVisitor - SKIPPING method (name: 'values') (desc: '[Lcom/shazam/android/widget/store/StoreLoadingIconStatus;') (class: 'Lcom/shazam/android/widget/store/StoreLoadingIconStatus;') (access (opcode): '9')
DEBUG main com.heisentest.splatter.transform.dex.visitor.SplatterLoggingClassVisitor - SKIPPING method (name: 'valueOf') (desc: 'Lcom/shazam/android/widget/store/StoresView$CenterHint;Ljava/lang/String;') (class: 'Lcom/shazam/android/widget/store/StoresView$CenterHint;') (access (opcode): '9')
DEBUG main com.heisentest.splatter.transform.dex.visitor.SplatterLoggingClassVisitor - SKIPPING method (name: 'values') (desc: '[Lcom/shazam/android/widget/store/StoresView$CenterHint;') (class: 'Lcom/shazam/android/widget/store/StoresView$CenterHint;') (access (opcode): '9')
DEBUG main com.heisentest.splatter.transform.dex.visitor.SplatterLoggingClassVisitor - SKIPPING method (name: 'valueOf') (desc: 'Lcom/shazam/android/widget/store/StoresView$Size;Ljava/lang/String;') (class: 'Lcom/shazam/android/widget/store/StoresView$Size;') (access (opcode): '9')
DEBUG main com.heisentest.splatter.transform.dex.visitor.SplatterLoggingClassVisitor - SKIPPING method (name: 'values') (desc: '[Lcom/shazam/android/widget/store/StoresView$Size;') (class: 'Lcom/shazam/android/widget/store/StoresView$Size;') (access (opcode): '9')
DEBUG main com.heisentest.splatter.transform.dex.visitor.SplatterLoggingClassVisitor - SKIPPING method (name: 'centerViewIfNecessary') (desc: 'V') (class: 'Lcom/shazam/android/widget/store/StoresView;') (access (opcode): '2')
DEBUG main com.heisentest.splatter.transform.dex.visitor.SplatterLoggingClassVisitor - SKIPPING method (name: 'clearPreIntentActionsFor') (desc: 'V[Lcom/shazam/android/widget/IntentImageView;') (class: 'Lcom/shazam/android/widget/store/StoresView;') (access (opcode): '130')
DEBUG main com.heisentest.splatter.transform.dex.visitor.SplatterLoggingClassVisitor - SKIPPING method (name: 'defaultPostConstruct') (desc: 'VLandroid/content/Context;') (class: 'Lcom/shazam/android/widget/store/StoresView;') (access (opcode): '2')
DEBUG main com.heisentest.splatter.transform.dex.visitor.SplatterLoggingClassVisitor - SKIPPING method (name: 'dismissPopup') (desc: 'V') (class: 'Lcom/shazam/android/widget/store/StoresView;') (access (opcode): '2')
DEBUG main com.heisentest.splatter.transform.dex.visitor.SplatterLoggingClassVisitor - SKIPPING method (name: 'init') (desc: 'VLandroid/content/Context;') (class: 'Lcom/shazam/android/widget/store/StoresView;') (access (opcode): '2')
DEBUG main com.heisentest.splatter.transform.dex.visitor.SplatterLoggingClassVisitor - SKIPPING method (name: 'loadImageUrl') (desc: 'VLcom/shazam/android/widget/IntentImageView;Ljava/lang/String;Lcom/shazam/android/widget/image/loading/ImageLoadingListener;') (class: 'Lcom/shazam/android/widget/store/StoresView;') (access (opcode): '2')
DEBUG main com.heisentest.splatter.transform.dex.visitor.SplatterLoggingClassVisitor - SKIPPING method (name: 'loadedImageWithWidth') (desc: 'VI') (class: 'Lcom/shazam/android/widget/store/StoresView;') (access (opcode): '2')
DEBUG main com.heisentest.splatter.transform.dex.visitor.SplatterLoggingClassVisitor - SKIPPING method (name: 'prepareDropDownBeacon') (desc: 'VLcom/shazam/bean/client/buy/Store;') (class: 'Lcom/shazam/android/widget/store/StoresView;') (access (opcode): '2')
DEBUG main com.heisentest.splatter.transform.dex.visitor.SplatterLoggingClassVisitor - SKIPPING method (name: 'prepareThePopupToBeDismissedWhenUserClicksOutside') (desc: 'V') (class: 'Lcom/shazam/android/widget/store/StoresView;') (access (opcode): '2')
DEBUG main com.heisentest.splatter.transform.dex.visitor.SplatterLoggingClassVisitor - SKIPPING method (name: 'resetStatus') (desc: 'V') (class: 'Lcom/shazam/android/widget/store/StoresView;') (access (opcode): '2')
DEBUG main com.heisentest.splatter.transform.dex.visitor.SplatterLoggingClassVisitor - SKIPPING method (name: 'resizePopup') (desc: 'V[Lcom/shazam/android/widget/IntentImageView;') (class: 'Lcom/shazam/android/widget/store/StoresView;') (access (opcode): '130')
DEBUG main com.heisentest.splatter.transform.dex.visitor.SplatterLoggingClassVisitor - SKIPPING method (name: 'shouldShowGenericButton') (desc: 'Z') (class: 'Lcom/shazam/android/widget/store/StoresView;') (access (opcode): '2')
DEBUG main com.heisentest.splatter.transform.dex.visitor.SplatterLoggingClassVisitor - SKIPPING method (name: 'bindTo') (desc: 'VLcom/shazam/bean/client/store/StoresData;') (class: 'Lcom/shazam/android/widget/store/StoresView;') (access (opcode): '1')
DEBUG main com.heisentest.splatter.transform.dex.visitor.SplatterLoggingClassVisitor - SKIPPING method (name: 'revertToPrimaryUrlOnFailure') (desc: 'Lcom/shazam/android/widget/image/loading/ImageLoadingListener;Lcom/shazam/bean/client/buy/Store;Lcom/shazam/android/widget/IntentImageView;') (class: 'Lcom/shazam/android/widget/store/StoresView;') (access (opcode): '1')
DEBUG main com.heisentest.splatter.transform.dex.visitor.SplatterLoggingClassVisitor - SKIPPING method (name: 'inflateLayout') (desc: 'VLcom/shazam/bean/client/TrackLayoutType;') (class: 'Lcom/shazam/android/widget/tagdetails/AdaptiveTrackHeaderView;') (access (opcode): '2')
DEBUG main com.heisentest.splatter.transform.dex.visitor.SplatterLoggingClassVisitor - SKIPPING method (name: 'postConstruct') (desc: 'V') (class: 'Lcom/shazam/android/widget/tagdetails/AdaptiveTrackHeaderView;') (access (opcode): '2')
DEBUG main com.heisentest.splatter.transform.dex.visitor.SplatterLoggingClassVisitor - SKIPPING method (name: 'postConstruct') (desc: 'VLcom/shazam/android/widget/tagdetails/TagDetailsHeaderViewFactory;') (class: 'Lcom/shazam/android/widget/tagdetails/AdaptiveTrackHeaderView;') (access (opcode): '2')
DEBUG main com.heisentest.splatter.transform.dex.visitor.SplatterLoggingClassVisitor - SKIPPING method (name: 'disableWebViewHardwareLayer') (desc: 'VLandroid/view/View;') (class: 'Lcom/shazam/android/widget/tagdetails/AdvertHeaderView;') (access (opcode): '2')
DEBUG main com.heisentest.splatter.transform.dex.visitor.SplatterLoggingClassVisitor - SKIPPING method (name: 'launchLyricPlay') (desc: 'V') (class: 'Lcom/shazam/android/widget/tagdetails/LyricPlayView;') (access (opcode): '2')
DEBUG main com.heisentest.splatter.transform.dex.visitor.SplatterLoggingClassVisitor - SKIPPING method (name: 'postConstruct') (desc: 'VLcom/shazam/android/widget/content/IntentLauncher;Lcom/shazam/android/analytics/event/EventAnalytics;') (class: 'Lcom/shazam/android/widget/tagdetails/LyricPlayView;') (access (opcode): '2')
DEBUG main com.heisentest.splatter.transform.dex.visitor.SplatterLoggingClassVisitor - SKIPPING method (name: 'postConstruct') (desc: 'VLcom/shazam/android/widget/content/IntentLauncher;Lcom/shazam/android/analytics/event/EventAnalytics;') (class: 'Lcom/shazam/android/widget/tagdetails/SimpleAddonViewGroup;') (access (opcode): '2')
DEBUG main com.heisentest.splatter.transform.dex.visitor.SplatterLoggingClassVisitor - SKIPPING method (name: 'findViews') (desc: 'V') (class: 'Lcom/shazam/android/widget/tagdetails/TagMetadataView;') (access (opcode): '2')
DEBUG main com.heisentest.splatter.transform.dex.visitor.SplatterLoggingClassVisitor - SKIPPING method (name: 'populateRow') (desc: 'VLjava/lang/String;Landroid/view/View;Landroid/widget/TextView;') (class: 'Lcom/shazam/android/widget/tagdetails/TagMetadataView;') (access (opcode): '10')
DEBUG main com.heisentest.splatter.transform.dex.visitor.SplatterLoggingClassVisitor - SKIPPING method (name: 'postConstruct') (desc: 'V') (class: 'Lcom/shazam/android/widget/tagdetails/TagMetadataView;') (access (opcode): '2')
DEBUG main com.heisentest.splatter.transform.dex.visitor.SplatterLoggingClassVisitor - SKIPPING method (name: 'applyLetterSpacing') (desc: 'V') (class: 'Lcom/shazam/android/widget/text/LetterSpacingTextView;') (access (opcode): '2')
DEBUG main com.heisentest.splatter.transform.dex.visitor.SplatterLoggingClassVisitor - SKIPPING method (name: 'pullAttributes') (desc: 'VLandroid/content/Context;Landroid/util/AttributeSet;') (class: 'Lcom/shazam/android/widget/text/LetterSpacingTextView;') (access (opcode): '2')
DEBUG main com.heisentest.splatter.transform.dex.visitor.SplatterLoggingClassVisitor - SKIPPING method (name: 'spannable') (desc: 'Landroid/text/Spannable;') (class: 'Lcom/shazam/android/widget/text/LetterSpacingTextView;') (access (opcode): '2')
DEBUG main com.heisentest.splatter.transform.dex.visitor.SplatterLoggingClassVisitor - SKIPPING method (name: 'refitText') (desc: 'VLjava/lang/String;II') (class: 'Lcom/shazam/android/widget/text/MarqueeTextView;') (access (opcode): '2')
INFO main com.heisentest.splatter.transform.dex.visitor.SplatterApplicationVisitor - Finishing second pass, writing classes.dex
INFO main com.heisentest.splatter.SplatterApkProcessor - Resigning apk (at /home/morrison/code/shazam/android/android_shazam/shazam-android/target/shazam-android-free-debug.splatter.apk)
DEBUG main com.heisentest.splatter.Splatter - Starting up Splatter!
DEBUG main com.heisentest.splatter.SplatterApkProcessor - Transforming classes.dex
INFO main com.heisentest.splatter.transform.dex.visitor.SplatterApplicationVisitor - Finishing second pass, writing classes.dex
INFO main com.heisentest.splatter.SplatterApkProcessor - Resigning apk (at /home/morrison/code/shazam/android/android_shazam/shazam-android/target/shazam-android-free-debug.splatter.apk)
DEBUG main com.heisentest.splatter.Splatter - Starting up Splatter!
DEBUG main com.heisentest.splatter.SplatterApkProcessor - Transforming classes.dex
INFO main com.heisentest.splatter.transform.dex.visitor.SplatterApplicationVisitor - Finishing second pass, writing classes.dex
INFO main com.heisentest.splatter.SplatterApkProcessor - Resigning apk (at /home/morrison/code/shazam/android/android_shazam/shazam-android/target/shazam-android-free-debug.splatter.apk)
DEBUG main com.heisentest.splatter.Splatter - Starting up Splatter!
DEBUG main com.heisentest.splatter.SplatterApkProcessor - Transforming classes.dex
INFO main com.heisentest.splatter.transform.dex.visitor.SplatterApplicationVisitor - Finishing second pass, writing classes.dex
INFO main com.heisentest.splatter.SplatterApkProcessor - Resigning apk (at /home/morrison/code/shazam/android/android_shazam/shazam-android/target/shazam-android-free-debug.splatter.apk)
